<?xml version="1.0" encoding="UTF-8"?>
<testsuite xmlns:xsi="http://www.w3.org/2001/XMLSchema-instance" xsi:noNamespaceSchemaLocation="https://maven.apache.org/surefire/maven-surefire-plugin/xsd/surefire-test-report.xsd" name="com.anthony.talissystem.TalisSystemApplicationTests" time="4.711" tests="1" errors="0" skipped="0" failures="0">
  <properties>
    <property name="java.specification.version" value="19"/>
    <property name="sun.cpu.isalist" value="amd64"/>
    <property name="sun.jnu.encoding" value="GBK"/>
    <property name="java.class.path" value="G:\Java Study\Format\talisSystem\target\test-classes;G:\Java Study\Format\talisSystem\target\classes;G:\Maven\apache-maven-3.9.1\mvn_repo\org\springframework\boot\spring-boot-starter-web\3.0.5\spring-boot-starter-web-3.0.5.jar;G:\Maven\apache-maven-3.9.1\mvn_repo\org\springframework\boot\spring-boot-starter\3.0.5\spring-boot-starter-3.0.5.jar;G:\Maven\apache-maven-3.9.1\mvn_repo\org\springframework\boot\spring-boot\3.0.5\spring-boot-3.0.5.jar;G:\Maven\apache-maven-3.9.1\mvn_repo\org\springframework\boot\spring-boot-autoconfigure\3.0.5\spring-boot-autoconfigure-3.0.5.jar;G:\Maven\apache-maven-3.9.1\mvn_repo\org\springframework\boot\spring-boot-starter-logging\3.0.5\spring-boot-starter-logging-3.0.5.jar;G:\Maven\apache-maven-3.9.1\mvn_repo\ch\qos\logback\logback-classic\1.4.6\logback-classic-1.4.6.jar;G:\Maven\apache-maven-3.9.1\mvn_repo\ch\qos\logback\logback-core\1.4.6\logback-core-1.4.6.jar;G:\Maven\apache-maven-3.9.1\mvn_repo\org\apache\logging\log4j\log4j-to-slf4j\2.19.0\log4j-to-slf4j-2.19.0.jar;G:\Maven\apache-maven-3.9.1\mvn_repo\org\apache\logging\log4j\log4j-api\2.19.0\log4j-api-2.19.0.jar;G:\Maven\apache-maven-3.9.1\mvn_repo\org\slf4j\jul-to-slf4j\2.0.7\jul-to-slf4j-2.0.7.jar;G:\Maven\apache-maven-3.9.1\mvn_repo\jakarta\annotation\jakarta.annotation-api\2.1.1\jakarta.annotation-api-2.1.1.jar;G:\Maven\apache-maven-3.9.1\mvn_repo\org\yaml\snakeyaml\1.33\snakeyaml-1.33.jar;G:\Maven\apache-maven-3.9.1\mvn_repo\org\springframework\boot\spring-boot-starter-json\3.0.5\spring-boot-starter-json-3.0.5.jar;G:\Maven\apache-maven-3.9.1\mvn_repo\com\fasterxml\jackson\datatype\jackson-datatype-jdk8\2.14.2\jackson-datatype-jdk8-2.14.2.jar;G:\Maven\apache-maven-3.9.1\mvn_repo\com\fasterxml\jackson\datatype\jackson-datatype-jsr310\2.14.2\jackson-datatype-jsr310-2.14.2.jar;G:\Maven\apache-maven-3.9.1\mvn_repo\com\fasterxml\jackson\module\jackson-module-parameter-names\2.14.2\jackson-module-parameter-names-2.14.2.jar;G:\Maven\apache-maven-3.9.1\mvn_repo\org\springframework\boot\spring-boot-starter-tomcat\3.0.5\spring-boot-starter-tomcat-3.0.5.jar;G:\Maven\apache-maven-3.9.1\mvn_repo\org\apache\tomcat\embed\tomcat-embed-core\10.1.7\tomcat-embed-core-10.1.7.jar;G:\Maven\apache-maven-3.9.1\mvn_repo\org\apache\tomcat\embed\tomcat-embed-el\10.1.7\tomcat-embed-el-10.1.7.jar;G:\Maven\apache-maven-3.9.1\mvn_repo\org\apache\tomcat\embed\tomcat-embed-websocket\10.1.7\tomcat-embed-websocket-10.1.7.jar;G:\Maven\apache-maven-3.9.1\mvn_repo\org\springframework\spring-web\6.0.7\spring-web-6.0.7.jar;G:\Maven\apache-maven-3.9.1\mvn_repo\org\springframework\spring-beans\6.0.7\spring-beans-6.0.7.jar;G:\Maven\apache-maven-3.9.1\mvn_repo\io\micrometer\micrometer-observation\1.10.5\micrometer-observation-1.10.5.jar;G:\Maven\apache-maven-3.9.1\mvn_repo\io\micrometer\micrometer-commons\1.10.5\micrometer-commons-1.10.5.jar;G:\Maven\apache-maven-3.9.1\mvn_repo\org\springframework\spring-webmvc\6.0.7\spring-webmvc-6.0.7.jar;G:\Maven\apache-maven-3.9.1\mvn_repo\org\springframework\spring-context\6.0.7\spring-context-6.0.7.jar;G:\Maven\apache-maven-3.9.1\mvn_repo\org\springframework\spring-expression\6.0.7\spring-expression-6.0.7.jar;G:\Maven\apache-maven-3.9.1\mvn_repo\com\alibaba\fastjson\1.2.76\fastjson-1.2.76.jar;G:\Maven\apache-maven-3.9.1\mvn_repo\org\mybatis\spring\boot\mybatis-spring-boot-starter\3.0.0\mybatis-spring-boot-starter-3.0.0.jar;G:\Maven\apache-maven-3.9.1\mvn_repo\org\springframework\boot\spring-boot-starter-jdbc\3.0.5\spring-boot-starter-jdbc-3.0.5.jar;G:\Maven\apache-maven-3.9.1\mvn_repo\com\zaxxer\HikariCP\5.0.1\HikariCP-5.0.1.jar;G:\Maven\apache-maven-3.9.1\mvn_repo\org\springframework\spring-jdbc\6.0.7\spring-jdbc-6.0.7.jar;G:\Maven\apache-maven-3.9.1\mvn_repo\org\springframework\spring-tx\6.0.7\spring-tx-6.0.7.jar;G:\Maven\apache-maven-3.9.1\mvn_repo\org\mybatis\spring\boot\mybatis-spring-boot-autoconfigure\3.0.0\mybatis-spring-boot-autoconfigure-3.0.0.jar;G:\Maven\apache-maven-3.9.1\mvn_repo\org\mybatis\mybatis\3.5.11\mybatis-3.5.11.jar;G:\Maven\apache-maven-3.9.1\mvn_repo\org\mybatis\mybatis-spring\3.0.0\mybatis-spring-3.0.0.jar;G:\Maven\apache-maven-3.9.1\mvn_repo\com\mysql\mysql-connector-j\8.0.32\mysql-connector-j-8.0.32.jar;G:\Maven\apache-maven-3.9.1\mvn_repo\org\projectlombok\lombok\1.18.26\lombok-1.18.26.jar;G:\Maven\apache-maven-3.9.1\mvn_repo\org\springframework\boot\spring-boot-starter-test\3.0.5\spring-boot-starter-test-3.0.5.jar;G:\Maven\apache-maven-3.9.1\mvn_repo\org\springframework\boot\spring-boot-test\3.0.5\spring-boot-test-3.0.5.jar;G:\Maven\apache-maven-3.9.1\mvn_repo\org\springframework\boot\spring-boot-test-autoconfigure\3.0.5\spring-boot-test-autoconfigure-3.0.5.jar;G:\Maven\apache-maven-3.9.1\mvn_repo\com\jayway\jsonpath\json-path\2.7.0\json-path-2.7.0.jar;G:\Maven\apache-maven-3.9.1\mvn_repo\net\minidev\json-smart\2.4.10\json-smart-2.4.10.jar;G:\Maven\apache-maven-3.9.1\mvn_repo\net\minidev\accessors-smart\2.4.9\accessors-smart-2.4.9.jar;G:\Maven\apache-maven-3.9.1\mvn_repo\org\ow2\asm\asm\9.3\asm-9.3.jar;G:\Maven\apache-maven-3.9.1\mvn_repo\org\slf4j\slf4j-api\2.0.7\slf4j-api-2.0.7.jar;G:\Maven\apache-maven-3.9.1\mvn_repo\jakarta\xml\bind\jakarta.xml.bind-api\4.0.0\jakarta.xml.bind-api-4.0.0.jar;G:\Maven\apache-maven-3.9.1\mvn_repo\jakarta\activation\jakarta.activation-api\2.1.1\jakarta.activation-api-2.1.1.jar;G:\Maven\apache-maven-3.9.1\mvn_repo\org\assertj\assertj-core\3.23.1\assertj-core-3.23.1.jar;G:\Maven\apache-maven-3.9.1\mvn_repo\net\bytebuddy\byte-buddy\1.12.23\byte-buddy-1.12.23.jar;G:\Maven\apache-maven-3.9.1\mvn_repo\org\hamcrest\hamcrest\2.2\hamcrest-2.2.jar;G:\Maven\apache-maven-3.9.1\mvn_repo\org\junit\jupiter\junit-jupiter\5.9.2\junit-jupiter-5.9.2.jar;G:\Maven\apache-maven-3.9.1\mvn_repo\org\junit\jupiter\junit-jupiter-api\5.9.2\junit-jupiter-api-5.9.2.jar;G:\Maven\apache-maven-3.9.1\mvn_repo\org\opentest4j\opentest4j\1.2.0\opentest4j-1.2.0.jar;G:\Maven\apache-maven-3.9.1\mvn_repo\org\junit\platform\junit-platform-commons\1.9.2\junit-platform-commons-1.9.2.jar;G:\Maven\apache-maven-3.9.1\mvn_repo\org\apiguardian\apiguardian-api\1.1.2\apiguardian-api-1.1.2.jar;G:\Maven\apache-maven-3.9.1\mvn_repo\org\junit\jupiter\junit-jupiter-params\5.9.2\junit-jupiter-params-5.9.2.jar;G:\Maven\apache-maven-3.9.1\mvn_repo\org\junit\jupiter\junit-jupiter-engine\5.9.2\junit-jupiter-engine-5.9.2.jar;G:\Maven\apache-maven-3.9.1\mvn_repo\org\junit\platform\junit-platform-engine\1.9.2\junit-platform-engine-1.9.2.jar;G:\Maven\apache-maven-3.9.1\mvn_repo\org\mockito\mockito-core\4.8.1\mockito-core-4.8.1.jar;G:\Maven\apache-maven-3.9.1\mvn_repo\net\bytebuddy\byte-buddy-agent\1.12.23\byte-buddy-agent-1.12.23.jar;G:\Maven\apache-maven-3.9.1\mvn_repo\org\objenesis\objenesis\3.2\objenesis-3.2.jar;G:\Maven\apache-maven-3.9.1\mvn_repo\org\mockito\mockito-junit-jupiter\4.8.1\mockito-junit-jupiter-4.8.1.jar;G:\Maven\apache-maven-3.9.1\mvn_repo\org\skyscreamer\jsonassert\1.5.1\jsonassert-1.5.1.jar;G:\Maven\apache-maven-3.9.1\mvn_repo\com\vaadin\external\google\android-json\0.0.20131108.vaadin1\android-json-0.0.20131108.vaadin1.jar;G:\Maven\apache-maven-3.9.1\mvn_repo\org\springframework\spring-core\6.0.7\spring-core-6.0.7.jar;G:\Maven\apache-maven-3.9.1\mvn_repo\org\springframework\spring-jcl\6.0.7\spring-jcl-6.0.7.jar;G:\Maven\apache-maven-3.9.1\mvn_repo\org\springframework\spring-test\6.0.7\spring-test-6.0.7.jar;G:\Maven\apache-maven-3.9.1\mvn_repo\org\xmlunit\xmlunit-core\2.9.1\xmlunit-core-2.9.1.jar;G:\Maven\apache-maven-3.9.1\mvn_repo\com\aliyun\oss\aliyun-sdk-oss\3.15.1\aliyun-sdk-oss-3.15.1.jar;G:\Maven\apache-maven-3.9.1\mvn_repo\org\apache\httpcomponents\httpclient\4.5.14\httpclient-4.5.14.jar;G:\Maven\apache-maven-3.9.1\mvn_repo\org\apache\httpcomponents\httpcore\4.4.16\httpcore-4.4.16.jar;G:\Maven\apache-maven-3.9.1\mvn_repo\commons-codec\commons-codec\1.15\commons-codec-1.15.jar;G:\Maven\apache-maven-3.9.1\mvn_repo\org\jdom\jdom2\2.0.6.1\jdom2-2.0.6.1.jar;G:\Maven\apache-maven-3.9.1\mvn_repo\org\codehaus\jettison\jettison\1.1\jettison-1.1.jar;G:\Maven\apache-maven-3.9.1\mvn_repo\stax\stax-api\1.0.1\stax-api-1.0.1.jar;G:\Maven\apache-maven-3.9.1\mvn_repo\com\aliyun\aliyun-java-sdk-core\4.5.10\aliyun-java-sdk-core-4.5.10.jar;G:\Maven\apache-maven-3.9.1\mvn_repo\com\google\code\gson\gson\2.9.1\gson-2.9.1.jar;G:\Maven\apache-maven-3.9.1\mvn_repo\commons-logging\commons-logging\1.2\commons-logging-1.2.jar;G:\Maven\apache-maven-3.9.1\mvn_repo\org\jacoco\org.jacoco.agent\0.8.5\org.jacoco.agent-0.8.5-runtime.jar;G:\Maven\apache-maven-3.9.1\mvn_repo\org\ini4j\ini4j\0.5.4\ini4j-0.5.4.jar;G:\Maven\apache-maven-3.9.1\mvn_repo\io\opentracing\opentracing-api\0.33.0\opentracing-api-0.33.0.jar;G:\Maven\apache-maven-3.9.1\mvn_repo\io\opentracing\opentracing-util\0.33.0\opentracing-util-0.33.0.jar;G:\Maven\apache-maven-3.9.1\mvn_repo\io\opentracing\opentracing-noop\0.33.0\opentracing-noop-0.33.0.jar;G:\Maven\apache-maven-3.9.1\mvn_repo\com\aliyun\aliyun-java-sdk-ram\3.1.0\aliyun-java-sdk-ram-3.1.0.jar;G:\Maven\apache-maven-3.9.1\mvn_repo\com\aliyun\aliyun-java-sdk-kms\2.11.0\aliyun-java-sdk-kms-2.11.0.jar;G:\Maven\apache-maven-3.9.1\mvn_repo\javax\xml\bind\jaxb-api\2.3.1\jaxb-api-2.3.1.jar;G:\Maven\apache-maven-3.9.1\mvn_repo\javax\activation\javax.activation-api\1.2.0\javax.activation-api-1.2.0.jar;G:\Maven\apache-maven-3.9.1\mvn_repo\javax\activation\activation\1.1.1\activation-1.1.1.jar;G:\Maven\apache-maven-3.9.1\mvn_repo\org\glassfish\jaxb\jaxb-runtime\2.3.3\jaxb-runtime-2.3.3.jar;G:\Maven\apache-maven-3.9.1\mvn_repo\org\glassfish\jaxb\txw2\4.0.2\txw2-4.0.2.jar;G:\Maven\apache-maven-3.9.1\mvn_repo\com\sun\istack\istack-commons-runtime\4.1.1\istack-commons-runtime-4.1.1.jar;G:\Maven\apache-maven-3.9.1\mvn_repo\com\sun\activation\jakarta.activation\1.2.2\jakarta.activation-1.2.2.jar;G:\Maven\apache-maven-3.9.1\mvn_repo\io\jsonwebtoken\jjwt\0.9.1\jjwt-0.9.1.jar;G:\Maven\apache-maven-3.9.1\mvn_repo\com\fasterxml\jackson\core\jackson-databind\2.14.2\jackson-databind-2.14.2.jar;G:\Maven\apache-maven-3.9.1\mvn_repo\com\fasterxml\jackson\core\jackson-annotations\2.14.2\jackson-annotations-2.14.2.jar;G:\Maven\apache-maven-3.9.1\mvn_repo\com\fasterxml\jackson\core\jackson-core\2.14.2\jackson-core-2.14.2.jar;G:\Maven\apache-maven-3.9.1\mvn_repo\org\springframework\boot\spring-boot-starter-aop\3.0.5\spring-boot-starter-aop-3.0.5.jar;G:\Maven\apache-maven-3.9.1\mvn_repo\org\springframework\spring-aop\6.0.7\spring-aop-6.0.7.jar;G:\Maven\apache-maven-3.9.1\mvn_repo\org\aspectj\aspectjweaver\1.9.19\aspectjweaver-1.9.19.jar;G:\Maven\apache-maven-3.9.1\mvn_repo\org\springframework\boot\spring-boot-configuration-processor\3.0.5\spring-boot-configuration-processor-3.0.5.jar;G:\Maven\apache-maven-3.9.1\mvn_repo\com\github\pagehelper\pagehelper-spring-boot-starter\1.4.6\pagehelper-spring-boot-starter-1.4.6.jar;G:\Maven\apache-maven-3.9.1\mvn_repo\com\github\pagehelper\pagehelper-spring-boot-autoconfigure\1.4.6\pagehelper-spring-boot-autoconfigure-1.4.6.jar;G:\Maven\apache-maven-3.9.1\mvn_repo\com\github\pagehelper\pagehelper\5.3.2\pagehelper-5.3.2.jar;G:\Maven\apache-maven-3.9.1\mvn_repo\com\github\jsqlparser\jsqlparser\4.5\jsqlparser-4.5.jar;"/>
    <property name="java.vm.vendor" value="Oracle Corporation"/>
    <property name="sun.arch.data.model" value="64"/>
    <property name="user.variant" value=""/>
    <property name="java.vendor.url" value="https://java.oracle.com/"/>
    <property name="user.timezone" value="Asia/Shanghai"/>
    <property name="os.name" value="Windows 11"/>
    <property name="java.vm.specification.version" value="19"/>
    <property name="sun.java.launcher" value="SUN_STANDARD"/>
    <property name="user.country" value="CN"/>
    <property name="sun.boot.library.path" value="C:\Users\w3113\.jdks\openjdk-19.0.1\bin"/>
    <property name="sun.java.command" value="C:\Users\w3113\AppData\Local\Temp\surefire6449071685813635433\surefirebooter8514038514508029476.jar C:\Users\w3113\AppData\Local\Temp\surefire6449071685813635433 2023-04-11T11-19-08_353-jvmRun1 surefire1358905939921987262tmp surefire_012323250177148032593tmp"/>
    <property name="jdk.debug" value="release"/>
    <property name="surefire.test.class.path" value="G:\Java Study\Format\talisSystem\target\test-classes;G:\Java Study\Format\talisSystem\target\classes;G:\Maven\apache-maven-3.9.1\mvn_repo\org\springframework\boot\spring-boot-starter-web\3.0.5\spring-boot-starter-web-3.0.5.jar;G:\Maven\apache-maven-3.9.1\mvn_repo\org\springframework\boot\spring-boot-starter\3.0.5\spring-boot-starter-3.0.5.jar;G:\Maven\apache-maven-3.9.1\mvn_repo\org\springframework\boot\spring-boot\3.0.5\spring-boot-3.0.5.jar;G:\Maven\apache-maven-3.9.1\mvn_repo\org\springframework\boot\spring-boot-autoconfigure\3.0.5\spring-boot-autoconfigure-3.0.5.jar;G:\Maven\apache-maven-3.9.1\mvn_repo\org\springframework\boot\spring-boot-starter-logging\3.0.5\spring-boot-starter-logging-3.0.5.jar;G:\Maven\apache-maven-3.9.1\mvn_repo\ch\qos\logback\logback-classic\1.4.6\logback-classic-1.4.6.jar;G:\Maven\apache-maven-3.9.1\mvn_repo\ch\qos\logback\logback-core\1.4.6\logback-core-1.4.6.jar;G:\Maven\apache-maven-3.9.1\mvn_repo\org\apache\logging\log4j\log4j-to-slf4j\2.19.0\log4j-to-slf4j-2.19.0.jar;G:\Maven\apache-maven-3.9.1\mvn_repo\org\apache\logging\log4j\log4j-api\2.19.0\log4j-api-2.19.0.jar;G:\Maven\apache-maven-3.9.1\mvn_repo\org\slf4j\jul-to-slf4j\2.0.7\jul-to-slf4j-2.0.7.jar;G:\Maven\apache-maven-3.9.1\mvn_repo\jakarta\annotation\jakarta.annotation-api\2.1.1\jakarta.annotation-api-2.1.1.jar;G:\Maven\apache-maven-3.9.1\mvn_repo\org\yaml\snakeyaml\1.33\snakeyaml-1.33.jar;G:\Maven\apache-maven-3.9.1\mvn_repo\org\springframework\boot\spring-boot-starter-json\3.0.5\spring-boot-starter-json-3.0.5.jar;G:\Maven\apache-maven-3.9.1\mvn_repo\com\fasterxml\jackson\datatype\jackson-datatype-jdk8\2.14.2\jackson-datatype-jdk8-2.14.2.jar;G:\Maven\apache-maven-3.9.1\mvn_repo\com\fasterxml\jackson\datatype\jackson-datatype-jsr310\2.14.2\jackson-datatype-jsr310-2.14.2.jar;G:\Maven\apache-maven-3.9.1\mvn_repo\com\fasterxml\jackson\module\jackson-module-parameter-names\2.14.2\jackson-module-parameter-names-2.14.2.jar;G:\Maven\apache-maven-3.9.1\mvn_repo\org\springframework\boot\spring-boot-starter-tomcat\3.0.5\spring-boot-starter-tomcat-3.0.5.jar;G:\Maven\apache-maven-3.9.1\mvn_repo\org\apache\tomcat\embed\tomcat-embed-core\10.1.7\tomcat-embed-core-10.1.7.jar;G:\Maven\apache-maven-3.9.1\mvn_repo\org\apache\tomcat\embed\tomcat-embed-el\10.1.7\tomcat-embed-el-10.1.7.jar;G:\Maven\apache-maven-3.9.1\mvn_repo\org\apache\tomcat\embed\tomcat-embed-websocket\10.1.7\tomcat-embed-websocket-10.1.7.jar;G:\Maven\apache-maven-3.9.1\mvn_repo\org\springframework\spring-web\6.0.7\spring-web-6.0.7.jar;G:\Maven\apache-maven-3.9.1\mvn_repo\org\springframework\spring-beans\6.0.7\spring-beans-6.0.7.jar;G:\Maven\apache-maven-3.9.1\mvn_repo\io\micrometer\micrometer-observation\1.10.5\micrometer-observation-1.10.5.jar;G:\Maven\apache-maven-3.9.1\mvn_repo\io\micrometer\micrometer-commons\1.10.5\micrometer-commons-1.10.5.jar;G:\Maven\apache-maven-3.9.1\mvn_repo\org\springframework\spring-webmvc\6.0.7\spring-webmvc-6.0.7.jar;G:\Maven\apache-maven-3.9.1\mvn_repo\org\springframework\spring-context\6.0.7\spring-context-6.0.7.jar;G:\Maven\apache-maven-3.9.1\mvn_repo\org\springframework\spring-expression\6.0.7\spring-expression-6.0.7.jar;G:\Maven\apache-maven-3.9.1\mvn_repo\com\alibaba\fastjson\1.2.76\fastjson-1.2.76.jar;G:\Maven\apache-maven-3.9.1\mvn_repo\org\mybatis\spring\boot\mybatis-spring-boot-starter\3.0.0\mybatis-spring-boot-starter-3.0.0.jar;G:\Maven\apache-maven-3.9.1\mvn_repo\org\springframework\boot\spring-boot-starter-jdbc\3.0.5\spring-boot-starter-jdbc-3.0.5.jar;G:\Maven\apache-maven-3.9.1\mvn_repo\com\zaxxer\HikariCP\5.0.1\HikariCP-5.0.1.jar;G:\Maven\apache-maven-3.9.1\mvn_repo\org\springframework\spring-jdbc\6.0.7\spring-jdbc-6.0.7.jar;G:\Maven\apache-maven-3.9.1\mvn_repo\org\springframework\spring-tx\6.0.7\spring-tx-6.0.7.jar;G:\Maven\apache-maven-3.9.1\mvn_repo\org\mybatis\spring\boot\mybatis-spring-boot-autoconfigure\3.0.0\mybatis-spring-boot-autoconfigure-3.0.0.jar;G:\Maven\apache-maven-3.9.1\mvn_repo\org\mybatis\mybatis\3.5.11\mybatis-3.5.11.jar;G:\Maven\apache-maven-3.9.1\mvn_repo\org\mybatis\mybatis-spring\3.0.0\mybatis-spring-3.0.0.jar;G:\Maven\apache-maven-3.9.1\mvn_repo\com\mysql\mysql-connector-j\8.0.32\mysql-connector-j-8.0.32.jar;G:\Maven\apache-maven-3.9.1\mvn_repo\org\projectlombok\lombok\1.18.26\lombok-1.18.26.jar;G:\Maven\apache-maven-3.9.1\mvn_repo\org\springframework\boot\spring-boot-starter-test\3.0.5\spring-boot-starter-test-3.0.5.jar;G:\Maven\apache-maven-3.9.1\mvn_repo\org\springframework\boot\spring-boot-test\3.0.5\spring-boot-test-3.0.5.jar;G:\Maven\apache-maven-3.9.1\mvn_repo\org\springframework\boot\spring-boot-test-autoconfigure\3.0.5\spring-boot-test-autoconfigure-3.0.5.jar;G:\Maven\apache-maven-3.9.1\mvn_repo\com\jayway\jsonpath\json-path\2.7.0\json-path-2.7.0.jar;G:\Maven\apache-maven-3.9.1\mvn_repo\net\minidev\json-smart\2.4.10\json-smart-2.4.10.jar;G:\Maven\apache-maven-3.9.1\mvn_repo\net\minidev\accessors-smart\2.4.9\accessors-smart-2.4.9.jar;G:\Maven\apache-maven-3.9.1\mvn_repo\org\ow2\asm\asm\9.3\asm-9.3.jar;G:\Maven\apache-maven-3.9.1\mvn_repo\org\slf4j\slf4j-api\2.0.7\slf4j-api-2.0.7.jar;G:\Maven\apache-maven-3.9.1\mvn_repo\jakarta\xml\bind\jakarta.xml.bind-api\4.0.0\jakarta.xml.bind-api-4.0.0.jar;G:\Maven\apache-maven-3.9.1\mvn_repo\jakarta\activation\jakarta.activation-api\2.1.1\jakarta.activation-api-2.1.1.jar;G:\Maven\apache-maven-3.9.1\mvn_repo\org\assertj\assertj-core\3.23.1\assertj-core-3.23.1.jar;G:\Maven\apache-maven-3.9.1\mvn_repo\net\bytebuddy\byte-buddy\1.12.23\byte-buddy-1.12.23.jar;G:\Maven\apache-maven-3.9.1\mvn_repo\org\hamcrest\hamcrest\2.2\hamcrest-2.2.jar;G:\Maven\apache-maven-3.9.1\mvn_repo\org\junit\jupiter\junit-jupiter\5.9.2\junit-jupiter-5.9.2.jar;G:\Maven\apache-maven-3.9.1\mvn_repo\org\junit\jupiter\junit-jupiter-api\5.9.2\junit-jupiter-api-5.9.2.jar;G:\Maven\apache-maven-3.9.1\mvn_repo\org\opentest4j\opentest4j\1.2.0\opentest4j-1.2.0.jar;G:\Maven\apache-maven-3.9.1\mvn_repo\org\junit\platform\junit-platform-commons\1.9.2\junit-platform-commons-1.9.2.jar;G:\Maven\apache-maven-3.9.1\mvn_repo\org\apiguardian\apiguardian-api\1.1.2\apiguardian-api-1.1.2.jar;G:\Maven\apache-maven-3.9.1\mvn_repo\org\junit\jupiter\junit-jupiter-params\5.9.2\junit-jupiter-params-5.9.2.jar;G:\Maven\apache-maven-3.9.1\mvn_repo\org\junit\jupiter\junit-jupiter-engine\5.9.2\junit-jupiter-engine-5.9.2.jar;G:\Maven\apache-maven-3.9.1\mvn_repo\org\junit\platform\junit-platform-engine\1.9.2\junit-platform-engine-1.9.2.jar;G:\Maven\apache-maven-3.9.1\mvn_repo\org\mockito\mockito-core\4.8.1\mockito-core-4.8.1.jar;G:\Maven\apache-maven-3.9.1\mvn_repo\net\bytebuddy\byte-buddy-agent\1.12.23\byte-buddy-agent-1.12.23.jar;G:\Maven\apache-maven-3.9.1\mvn_repo\org\objenesis\objenesis\3.2\objenesis-3.2.jar;G:\Maven\apache-maven-3.9.1\mvn_repo\org\mockito\mockito-junit-jupiter\4.8.1\mockito-junit-jupiter-4.8.1.jar;G:\Maven\apache-maven-3.9.1\mvn_repo\org\skyscreamer\jsonassert\1.5.1\jsonassert-1.5.1.jar;G:\Maven\apache-maven-3.9.1\mvn_repo\com\vaadin\external\google\android-json\0.0.20131108.vaadin1\android-json-0.0.20131108.vaadin1.jar;G:\Maven\apache-maven-3.9.1\mvn_repo\org\springframework\spring-core\6.0.7\spring-core-6.0.7.jar;G:\Maven\apache-maven-3.9.1\mvn_repo\org\springframework\spring-jcl\6.0.7\spring-jcl-6.0.7.jar;G:\Maven\apache-maven-3.9.1\mvn_repo\org\springframework\spring-test\6.0.7\spring-test-6.0.7.jar;G:\Maven\apache-maven-3.9.1\mvn_repo\org\xmlunit\xmlunit-core\2.9.1\xmlunit-core-2.9.1.jar;G:\Maven\apache-maven-3.9.1\mvn_repo\com\aliyun\oss\aliyun-sdk-oss\3.15.1\aliyun-sdk-oss-3.15.1.jar;G:\Maven\apache-maven-3.9.1\mvn_repo\org\apache\httpcomponents\httpclient\4.5.14\httpclient-4.5.14.jar;G:\Maven\apache-maven-3.9.1\mvn_repo\org\apache\httpcomponents\httpcore\4.4.16\httpcore-4.4.16.jar;G:\Maven\apache-maven-3.9.1\mvn_repo\commons-codec\commons-codec\1.15\commons-codec-1.15.jar;G:\Maven\apache-maven-3.9.1\mvn_repo\org\jdom\jdom2\2.0.6.1\jdom2-2.0.6.1.jar;G:\Maven\apache-maven-3.9.1\mvn_repo\org\codehaus\jettison\jettison\1.1\jettison-1.1.jar;G:\Maven\apache-maven-3.9.1\mvn_repo\stax\stax-api\1.0.1\stax-api-1.0.1.jar;G:\Maven\apache-maven-3.9.1\mvn_repo\com\aliyun\aliyun-java-sdk-core\4.5.10\aliyun-java-sdk-core-4.5.10.jar;G:\Maven\apache-maven-3.9.1\mvn_repo\com\google\code\gson\gson\2.9.1\gson-2.9.1.jar;G:\Maven\apache-maven-3.9.1\mvn_repo\commons-logging\commons-logging\1.2\commons-logging-1.2.jar;G:\Maven\apache-maven-3.9.1\mvn_repo\org\jacoco\org.jacoco.agent\0.8.5\org.jacoco.agent-0.8.5-runtime.jar;G:\Maven\apache-maven-3.9.1\mvn_repo\org\ini4j\ini4j\0.5.4\ini4j-0.5.4.jar;G:\Maven\apache-maven-3.9.1\mvn_repo\io\opentracing\opentracing-api\0.33.0\opentracing-api-0.33.0.jar;G:\Maven\apache-maven-3.9.1\mvn_repo\io\opentracing\opentracing-util\0.33.0\opentracing-util-0.33.0.jar;G:\Maven\apache-maven-3.9.1\mvn_repo\io\opentracing\opentracing-noop\0.33.0\opentracing-noop-0.33.0.jar;G:\Maven\apache-maven-3.9.1\mvn_repo\com\aliyun\aliyun-java-sdk-ram\3.1.0\aliyun-java-sdk-ram-3.1.0.jar;G:\Maven\apache-maven-3.9.1\mvn_repo\com\aliyun\aliyun-java-sdk-kms\2.11.0\aliyun-java-sdk-kms-2.11.0.jar;G:\Maven\apache-maven-3.9.1\mvn_repo\javax\xml\bind\jaxb-api\2.3.1\jaxb-api-2.3.1.jar;G:\Maven\apache-maven-3.9.1\mvn_repo\javax\activation\javax.activation-api\1.2.0\javax.activation-api-1.2.0.jar;G:\Maven\apache-maven-3.9.1\mvn_repo\javax\activation\activation\1.1.1\activation-1.1.1.jar;G:\Maven\apache-maven-3.9.1\mvn_repo\org\glassfish\jaxb\jaxb-runtime\2.3.3\jaxb-runtime-2.3.3.jar;G:\Maven\apache-maven-3.9.1\mvn_repo\org\glassfish\jaxb\txw2\4.0.2\txw2-4.0.2.jar;G:\Maven\apache-maven-3.9.1\mvn_repo\com\sun\istack\istack-commons-runtime\4.1.1\istack-commons-runtime-4.1.1.jar;G:\Maven\apache-maven-3.9.1\mvn_repo\com\sun\activation\jakarta.activation\1.2.2\jakarta.activation-1.2.2.jar;G:\Maven\apache-maven-3.9.1\mvn_repo\io\jsonwebtoken\jjwt\0.9.1\jjwt-0.9.1.jar;G:\Maven\apache-maven-3.9.1\mvn_repo\com\fasterxml\jackson\core\jackson-databind\2.14.2\jackson-databind-2.14.2.jar;G:\Maven\apache-maven-3.9.1\mvn_repo\com\fasterxml\jackson\core\jackson-annotations\2.14.2\jackson-annotations-2.14.2.jar;G:\Maven\apache-maven-3.9.1\mvn_repo\com\fasterxml\jackson\core\jackson-core\2.14.2\jackson-core-2.14.2.jar;G:\Maven\apache-maven-3.9.1\mvn_repo\org\springframework\boot\spring-boot-starter-aop\3.0.5\spring-boot-starter-aop-3.0.5.jar;G:\Maven\apache-maven-3.9.1\mvn_repo\org\springframework\spring-aop\6.0.7\spring-aop-6.0.7.jar;G:\Maven\apache-maven-3.9.1\mvn_repo\org\aspectj\aspectjweaver\1.9.19\aspectjweaver-1.9.19.jar;G:\Maven\apache-maven-3.9.1\mvn_repo\org\springframework\boot\spring-boot-configuration-processor\3.0.5\spring-boot-configuration-processor-3.0.5.jar;G:\Maven\apache-maven-3.9.1\mvn_repo\com\github\pagehelper\pagehelper-spring-boot-starter\1.4.6\pagehelper-spring-boot-starter-1.4.6.jar;G:\Maven\apache-maven-3.9.1\mvn_repo\com\github\pagehelper\pagehelper-spring-boot-autoconfigure\1.4.6\pagehelper-spring-boot-autoconfigure-1.4.6.jar;G:\Maven\apache-maven-3.9.1\mvn_repo\com\github\pagehelper\pagehelper\5.3.2\pagehelper-5.3.2.jar;G:\Maven\apache-maven-3.9.1\mvn_repo\com\github\jsqlparser\jsqlparser\4.5\jsqlparser-4.5.jar;"/>
    <property name="sun.cpu.endian" value="little"/>
    <property name="user.home" value="C:\Users\w3113"/>
    <property name="user.language" value="zh"/>
    <property name="java.specification.vendor" value="Oracle Corporation"/>
    <property name="java.version.date" value="2022-10-18"/>
    <property name="java.home" value="C:\Users\w3113\.jdks\openjdk-19.0.1"/>
    <property name="file.separator" value="\"/>
    <property name="basedir" value="G:\Java Study\Format\talisSystem"/>
    <property name="java.vm.compressedOopsMode" value="Zero based"/>
    <property name="line.separator" value="&#10;"/>
    <property name="java.vm.specification.vendor" value="Oracle Corporation"/>
    <property name="java.specification.name" value="Java Platform API Specification"/>
    <property name="surefire.real.class.path" value="C:\Users\w3113\AppData\Local\Temp\surefire6449071685813635433\surefirebooter8514038514508029476.jar"/>
    <property name="user.script" value=""/>
    <property name="sun.management.compiler" value="HotSpot 64-Bit Tiered Compilers"/>
    <property name="java.runtime.version" value="19.0.1+10-21"/>
    <property name="user.name" value="w3113"/>
    <property name="stdout.encoding" value="GBK"/>
    <property name="path.separator" value=";"/>
    <property name="os.version" value="10.0"/>
    <property name="java.runtime.name" value="OpenJDK Runtime Environment"/>
    <property name="file.encoding" value="UTF-8"/>
    <property name="java.vm.name" value="OpenJDK 64-Bit Server VM"/>
    <property name="localRepository" value="G:\Maven\apache-maven-3.9.1\mvn_repo"/>
    <property name="java.vendor.url.bug" value="https://bugreport.java.com/bugreport/"/>
    <property name="java.io.tmpdir" value="C:\Users\w3113\AppData\Local\Temp\"/>
    <property name="idea.version" value="2023.1"/>
    <property name="java.version" value="19.0.1"/>
    <property name="user.dir" value="G:\Java Study\Format\talisSystem"/>
    <property name="os.arch" value="amd64"/>
    <property name="java.vm.specification.name" value="Java Virtual Machine Specification"/>
    <property name="sun.os.patch.level" value=""/>
    <property name="native.encoding" value="GBK"/>
    <property name="java.library.path" value="C:\Users\w3113\.jdks\openjdk-19.0.1\bin;C:\WINDOWS\Sun\Java\bin;C:\WINDOWS\system32;C:\WINDOWS;C:\Program Files\Common Files\Oracle\Java\javapath;G:\VMware\bin\;C:\Windows\system32;C:\Windows;C:\Windows\System32\Wbem;C:\Windows\System32\WindowsPowerShell\v1.0\;C:\Windows\System32\OpenSSH\;C:\Program Files (x86)\NVIDIA Corporation\PhysX\Common;C:\Program Files\NVIDIA Corporation\NVIDIA NvDLISR;C:\Program Files\dotnet\;E:\Bandizip\;C:\WINDOWS\system32;C:\WINDOWS;C:\WINDOWS\System32\Wbem;C:\WINDOWS\System32\WindowsPowerShell\v1.0\;C:\WINDOWS\System32\OpenSSH\;G:\mysql\mysql-8.0.31-winx64\bin;G:\NodeJS\;G:\Maven\apache-maven-3.9.1\bin;G:\TomCat\apache-tomcat-10.1.7-windows-x64\apache-tomcat-10.1.7\bin;G:\Java JDK\bin;C:\Users\w3113\AppData\Local\Microsoft\WindowsApps;G:\Java Idea\IntelliJ IDEA Community Edition 2022.2.1\bin;;G:\mysql\mysql-8.0.31-winx64\bin;G:\DataGrip 2022.3.3\bin;;G:\Microsoft VS Code\bin;C:\Users\w3113\.dotnet\tools;C:\Users\w3113\AppData\Roaming\npm;G:\IDEA\IntelliJ IDEA 2023.1\bin;;."/>
    <property name="java.vm.info" value="mixed mode, sharing"/>
    <property name="stderr.encoding" value="GBK"/>
    <property name="java.vendor" value="Oracle Corporation"/>
    <property name="java.vm.version" value="19.0.1+10-21"/>
    <property name="sun.io.unicode.encoding" value="UnicodeLittle"/>
    <property name="java.class.version" value="63.0"/>
  </properties>
  <testcase name="testUUid" classname="com.anthony.talissystem.TalisSystemApplicationTests" time="0.817"/>
</testsuite>